0 info it worked if it ends with ok
1 verbose cli [ '/Users/rdubrock/.nvm/versions/node/v6.14.1/bin/node',
1 verbose cli   '/Users/rdubrock/.nvm/versions/node/v6.14.1/bin/npm',
1 verbose cli   'pack' ]
2 info using npm@3.10.10
3 info using node@v6.14.1
4 silly cache add args [ '.', null ]
5 verbose cache add spec .
6 silly cache add parsed spec Result {
6 silly cache add   raw: '.',
6 silly cache add   scope: null,
6 silly cache add   escapedName: null,
6 silly cache add   name: null,
6 silly cache add   rawSpec: '.',
6 silly cache add   spec: '/Users/rdubrock/projects/rust-sudoku-solver',
6 silly cache add   type: 'local' }
7 error addLocal Could not install /Users/rdubrock/projects/rust-sudoku-solver
8 verbose stack Error: EISDIR: illegal operation on a directory, read
8 verbose stack     at Error (native)
9 verbose cwd /Users/rdubrock/projects/rust-sudoku-solver
10 error Darwin 17.7.0
11 error argv "/Users/rdubrock/.nvm/versions/node/v6.14.1/bin/node" "/Users/rdubrock/.nvm/versions/node/v6.14.1/bin/npm" "pack"
12 error node v6.14.1
13 error npm  v3.10.10
14 error code EISDIR
15 error errno -21
16 error syscall read
17 error eisdir EISDIR: illegal operation on a directory, read
18 error eisdir This is most likely not a problem with npm itself
18 error eisdir and is related to npm not being able to find a package.json in
18 error eisdir a package you are trying to install.
19 verbose exit [ -21, true ]
