Arguments: 
  /Users/russelldubrock/.nvm/versions/node/v8.11.1/bin/node /usr/local/Cellar/yarn/1.5.1_1/libexec/bin/yarn.js link

PATH: 
  /Users/russelldubrock/.nvm/versions/node/v8.11.1/bin:/Users/russelldubrock/.cargo/bin:/Users/russelldubrock/bin:/usr/local/bin:/usr/local/sbin:/Users/russelldubrock/.cargo/bin:/Users/russelldubrock/bin:/usr/local/bin:/usr/local/sbin:/Users/russelldubrock/.cargo/bin:/Users/russelldubrock/.cargo/bin:/Users/russelldubrock/bin:/usr/local/bin:/usr/local/sbin:/usr/local/bin:/usr/bin:/bin:/usr/sbin:/sbin:/opt/X11/bin

Yarn version: 
  1.5.1

Node version: 
  8.11.1

Platform: 
  darwin x64

npm manifest: 
  No manifest

yarn manifest: 
  No manifest

Lockfile: 
  No lockfile

Trace: 
  Error: Couldn't find a package.json file in "/Users/russelldubrock/rust/rust-sudoku-solver"
      at new MessageError (/usr/local/Cellar/yarn/1.5.1_1/libexec/lib/cli.js:186:110)
      at /usr/local/Cellar/yarn/1.5.1_1/libexec/lib/cli.js:40048:15
      at Generator.next (<anonymous>)
      at step (/usr/local/Cellar/yarn/1.5.1_1/libexec/lib/cli.js:98:30)
      at /usr/local/Cellar/yarn/1.5.1_1/libexec/lib/cli.js:109:13
      at <anonymous>
